
************************************************************************
*****       FORENSIC MD5     Serial No.: 50527  Software: V1.77    *****
************************************************************************
*                                                                      *
* Evidence Number______________________ Alias_________________________ *
*                                                                      *
* Evidence Acquired by________________________________________________ *
*                                                                      *
* Evidence Acquired on______________________ AT_______________________ *
*                                                                      *
* Location at scene___________________________________________________ *
*                                                                      *
* Description_________________________________________________________ *
*                                                                      *
*----------------------------------------------------------------------*
*                          SESSION SETTINGS                            *
*----------------------------------------------------------------------*
*  Operating Mode: DD Img(650M)      Address Mode: LBA                 *
*  Verify        : MD5-File              Speed   : UDMA-2              *
*  Connection    : Direct                                              *
*                                                                      *
************************************************************************
***************************   SOURCE DRIVE   ***************************
************************************************************************
*----------------------------------------------------------------------*
*                      Physical Characteristics                        *
*----------------------------------------------------------------------*
*  Drive Model: IBM-DBCA-204860                                        *
*       Serial: HQ0RQQF7429                                            *
*                                                                      *
*    Cylinders    Heads    Sectors     Total Sectors     Drive Size    *
*       10068        15       63          9514260            4.5 GB    *
*                                                                      *
************************************************************************
*************************   DESTINATION DRIVE   ************************
************************************************************************
*----------------------------------------------------------------------*
*                      Physical Characteristics                        *
*----------------------------------------------------------------------*
*  Drive Model: WDC WD2000BB-00DWA0                                    *
*       Serial: WD-WMAEH1858764                                        *
*                                                                      *
*    Cylinders    Heads    Sectors     Total Sectors     Drive Size    *
*       387621       16       63          390721968         186.3 GB   *
*                                                                      *
************************************************************************
************************************************************************
************************************************************************
* SCHARDT.001: From: 0, To: 1389747, Size: 1301248, MD5 Value:
* ...28A9B613 D6EEFE8A 0515EF0A 675BDEBD...
* SCHARDT.002: From: 1301248, To: 2690995, Size: 1301248, MD5 Value:
* ...C7227E7E EA82D218 66325739 7679A7C4...
* SCHARDT.003: From: 2602496, To: 3992243, Size: 1301248, MD5 Value:
* ...EBBA35AC D7B8AA85 A5A7C13F 3DD733D2...
* SCHARDT.004: From: 3903744, To: 5293491, Size: 1301248, MD5 Value:
* ...669B6636 DCB4783F D5509C47 10856C59...
* SCHARDT.005: From: 5204992, To: 6594739, Size: 1301248, MD5 Value:
* ...C46E5760 E3821522 EE81E675 422025BB...
* SCHARDT.006: From: 6506240, To: 7895987, Size: 1301248, MD5 Value:
* ...99511901 DA2DEA77 2005B5D0 D764E750...
* SCHARDT.007: From: 7807488, To: 9197235, Size: 1301248, MD5 Value:
* ...99511901 DA2DEA77 2005B5D0 D764E750...
* SCHARDT.008: From: 9108736, To: 10498483, Size: 405524, MD5 Value:
* ...8194A79A 5356DF79 883AE2DC 7415929F...
                                                                                                                                            